2026-03-12 20:36:00,611 [INFO] 开始构建 LP 模型
2026-03-12 20:36:00,611 [INFO] 模型构建完成，变量：x, y；约束：x + 2y >= 10
2026-03-12 20:36:00,611 [INFO] 开始求解...
2026-03-12 20:36:00,735 [INFO] 求解完成，状态：Optimal，耗时：0.1246s
2026-03-12 20:36:00,739 [INFO] 
 variable  value
        x    0.0
        y    5.0
objective    5.0
2026-03-12 20:36:00,742 [INFO] 结果已保存至：C:\Users\27238\Desktop\数模\outputs\tables\solution.csv
2026-03-12 20:36:00,742 [INFO] 任务完成
2026-03-12 20:45:33,412 [INFO] ======================================================================
2026-03-12 20:45:33,412 [INFO] 最小 LP Demo - 可复现版本
2026-03-12 20:45:33,412 [INFO] 配置：SEED=42
2026-03-12 20:45:33,412 [INFO] ======================================================================
2026-03-12 20:45:33,413 [INFO] 
[1/5] 构建 LP 模型...
2026-03-12 20:45:33,413 [INFO] ✓ 模型构建完成
2026-03-12 20:45:33,413 [INFO]   决策变量：x, y ≥ 0
2026-03-12 20:45:33,413 [INFO]   目标函数：min(x + y)
2026-03-12 20:45:33,413 [INFO]   约束：x + 2y ≥ 10
2026-03-12 20:45:33,413 [INFO] 
[2/5] 求解模型...
2026-03-12 20:45:33,426 [INFO] ✓ 求解完成，状态：Optimal
2026-03-12 20:45:33,426 [INFO]   运行时间：0.0130s
2026-03-12 20:45:33,426 [INFO] 
[3/5] 可行性检查...
2026-03-12 20:45:33,426 [INFO] ✓ 问题状态：可行
2026-03-12 20:45:33,426 [INFO]   目标值：5.000000
2026-03-12 20:45:33,426 [INFO]   x = 0.000000
2026-03-12 20:45:33,426 [INFO]   y = 5.000000
2026-03-12 20:45:33,426 [INFO] 
[4/5] 约束满足检查...
2026-03-12 20:45:33,426 [INFO]   约束 1 (x + 2y ≥ 10):
2026-03-12 20:45:33,426 [INFO]     左侧值：10.000000
2026-03-12 20:45:33,426 [INFO]     满足：是
2026-03-12 20:45:33,426 [INFO]     违反量：0.000000
2026-03-12 20:45:33,426 [INFO]   约束 2 (x ≥ 0):
2026-03-12 20:45:33,426 [INFO]     值：0.000000，满足：是，违反量：0.000000
2026-03-12 20:45:33,426 [INFO]   约束 3 (y ≥ 0):
2026-03-12 20:45:33,426 [INFO]     值：5.000000，满足：是，违反量：0.000000
2026-03-12 20:45:33,428 [INFO]   总违反量：0.000000
2026-03-12 20:45:33,428 [INFO] 
[5/5] 保存结果...
2026-03-12 20:45:33,432 [INFO] ✓ 决策变量已保存：solution.csv
2026-03-12 20:45:33,433 [INFO] ✓ 性能指标已保存：metrics.csv
2026-03-12 20:45:33,434 [INFO] ✓ 约束检查已保存：constraints.csv
2026-03-12 20:45:34,210 [WARNING] ⚠ 图表生成失败：FigureCanvasAgg.print_png() got an unexpected keyword argument 'encoding'
2026-03-12 20:45:34,210 [INFO] 
======================================================================
2026-03-12 20:45:34,210 [INFO] 任务完成！
2026-03-12 20:45:34,210 [INFO] ======================================================================
2026-03-12 20:47:04,247 [INFO] ======================================================================
2026-03-12 20:47:04,247 [INFO] 最小 LP Demo - 可复现版本
2026-03-12 20:47:04,247 [INFO] 配置：SEED=42
2026-03-12 20:47:04,247 [INFO] ======================================================================
2026-03-12 20:47:04,247 [INFO] 
[1/5] 构建 LP 模型...
2026-03-12 20:47:04,248 [INFO] ✓ 模型构建完成
2026-03-12 20:47:04,248 [INFO]   决策变量：x, y ≥ 0
2026-03-12 20:47:04,248 [INFO]   目标函数：min(x + y)
2026-03-12 20:47:04,248 [INFO]   约束：x + 2y ≥ 10
2026-03-12 20:47:04,248 [INFO] 
[2/5] 求解模型...
2026-03-12 20:47:04,260 [INFO] ✓ 求解完成，状态：Optimal
2026-03-12 20:47:04,260 [INFO]   运行时间：0.0126s
2026-03-12 20:47:04,260 [INFO] 
[3/5] 可行性检查...
2026-03-12 20:47:04,260 [INFO] ✓ 问题状态：可行
2026-03-12 20:47:04,260 [INFO]   目标值：5.000000
2026-03-12 20:47:04,261 [INFO]   x = 0.000000
2026-03-12 20:47:04,261 [INFO]   y = 5.000000
2026-03-12 20:47:04,261 [INFO] 
[4/5] 约束满足检查...
2026-03-12 20:47:04,261 [INFO]   约束 1 (x + 2y ≥ 10):
2026-03-12 20:47:04,261 [INFO]     左侧值：10.000000
2026-03-12 20:47:04,261 [INFO]     满足：是
2026-03-12 20:47:04,261 [INFO]     违反量：0.000000
2026-03-12 20:47:04,261 [INFO]   约束 2 (x ≥ 0):
2026-03-12 20:47:04,261 [INFO]     值：0.000000，满足：是，违反量：0.000000
2026-03-12 20:47:04,261 [INFO]   约束 3 (y ≥ 0):
2026-03-12 20:47:04,261 [INFO]     值：5.000000，满足：是，违反量：0.000000
2026-03-12 20:47:04,261 [INFO]   总违反量：0.000000
2026-03-12 20:47:04,261 [INFO] 
[5/5] 保存结果...
2026-03-12 20:47:04,264 [INFO] ✓ 决策变量已保存：solution.csv
2026-03-12 20:47:04,265 [INFO] ✓ 性能指标已保存：metrics.csv
2026-03-12 20:47:04,267 [INFO] ✓ 约束检查已保存：constraints.csv
2026-03-12 20:47:04,663 [INFO] ✓ 图表已保存：fig_solution.png
2026-03-12 20:47:04,664 [INFO] 
======================================================================
2026-03-12 20:47:04,664 [INFO] 任务完成！
2026-03-12 20:47:04,664 [INFO] ======================================================================
2026-03-12 20:48:04,037 [INFO] ======================================================================
2026-03-12 20:48:04,037 [INFO] 最小 LP Demo - 可复现版本
2026-03-12 20:48:04,037 [INFO] 配置：SEED=42
2026-03-12 20:48:04,037 [INFO] ======================================================================
2026-03-12 20:48:04,037 [INFO] 
[1/5] 构建 LP 模型...
2026-03-12 20:48:04,037 [INFO] ✓ 模型构建完成
2026-03-12 20:48:04,037 [INFO]   决策变量：x, y ≥ 0
2026-03-12 20:48:04,037 [INFO]   目标函数：min(x + y)
2026-03-12 20:48:04,037 [INFO]   约束：x + 2y ≥ 10
2026-03-12 20:48:04,037 [INFO] 
[2/5] 求解模型...
2026-03-12 20:48:04,049 [INFO] ✓ 求解完成，状态：Optimal
2026-03-12 20:48:04,050 [INFO]   运行时间：0.0119s
2026-03-12 20:48:04,050 [INFO] 
[3/5] 可行性检查...
2026-03-12 20:48:04,050 [INFO] ✓ 问题状态：可行
2026-03-12 20:48:04,050 [INFO]   目标值：5.000000
2026-03-12 20:48:04,050 [INFO]   x = 0.000000
2026-03-12 20:48:04,050 [INFO]   y = 5.000000
2026-03-12 20:48:04,050 [INFO] 
[4/5] 约束满足检查...
2026-03-12 20:48:04,050 [INFO]   约束 1 (x + 2y ≥ 10):
2026-03-12 20:48:04,050 [INFO]     左侧值：10.000000
2026-03-12 20:48:04,050 [INFO]     满足：是
2026-03-12 20:48:04,050 [INFO]     违反量：0.000000
2026-03-12 20:48:04,050 [INFO]   约束 2 (x ≥ 0):
2026-03-12 20:48:04,050 [INFO]     值：0.000000，满足：是，违反量：0.000000
2026-03-12 20:48:04,050 [INFO]   约束 3 (y ≥ 0):
2026-03-12 20:48:04,050 [INFO]     值：5.000000，满足：是，违反量：0.000000
2026-03-12 20:48:04,050 [INFO]   总违反量：0.000000
2026-03-12 20:48:04,050 [INFO] 
[5/5] 保存结果...
2026-03-12 20:48:04,054 [INFO] ✓ 决策变量已保存：solution.csv
2026-03-12 20:48:04,055 [INFO] ✓ 性能指标已保存：metrics.csv
2026-03-12 20:48:04,057 [INFO] ✓ 约束检查已保存：constraints.csv
2026-03-12 20:48:04,449 [INFO] ✓ 图表已保存：fig_solution.png
2026-03-12 20:48:04,449 [INFO] 
======================================================================
2026-03-12 20:48:04,449 [INFO] 任务完成！
2026-03-12 20:48:04,449 [INFO] ======================================================================
